# JRE version: OpenJDK Runtime Environment (8.0_171-b11) (build 1.8.0_171-8u171-b11-0ubuntu0.18.04.1-b11)
# Java VM: OpenJDK 64-Bit Server VM (25.171-b11 mixed mode linux-amd64 compressed oops)
Heap:
 PSYoungGen      total 393216K, used 15738K [0x00000000d7780000, 0x00000000f0980000, 0x0000000100000000)
  eden space 375808K, 0% used [0x00000000d7780000,0x00000000d7780000,0x00000000ee680000)
  from space 17408K, 90% used [0x00000000ee780000,0x00000000ef6de890,0x00000000ef880000)
  to   space 14336K, 0% used [0x00000000efb80000,0x00000000efb80000,0x00000000f0980000)
 ParOldGen       total 62464K, used 29541K [0x0000000086600000, 0x000000008a300000, 0x00000000d7780000)
  object space 62464K, 47% used [0x0000000086600000,0x00000000882d94b0,0x000000008a300000)
 Metaspace       used 47883K, capacity 50622K, committed 50776K, reserved 1093632K
  class space    used 6483K, capacity 7019K, committed 7040K, reserved 1048576K
GC Heap History (10 events):
Event: 28.914 GC heap after
Heap after GC invocations=8 (full 1):
 PSYoungGen      total 132608K, used 8683K [0x00000000d7780000, 0x00000000e7f80000, 0x0000000100000000)
  eden space 123904K, 0% used [0x00000000d7780000,0x00000000d7780000,0x00000000df080000)
  from space 8704K, 99% used [0x00000000df080000,0x00000000df8fafd0,0x00000000df900000)
  to   space 12800K, 0% used [0x00000000e7300000,0x00000000e7300000,0x00000000e7f80000)
 ParOldGen       total 41984K, used 13732K [0x0000000086600000, 0x0000000088f00000, 0x00000000d7780000)
  object space 41984K, 32% used [0x0000000086600000,0x0000000087369028,0x0000000088f00000)
 Metaspace       used 27289K, capacity 28244K, committed 28416K, reserved 1073152K
  class space    used 3544K, capacity 3780K, committed 3840K, reserved 1048576K
}
Event: 33.016 GC heap before
{Heap before GC invocations=9 (full 1):
 PSYoungGen      total 132608K, used 132587K [0x00000000d7780000, 0x00000000e7f80000, 0x0000000100000000)
  eden space 123904K, 100% used [0x00000000d7780000,0x00000000df080000,0x00000000df080000)
  from space 8704K, 99% used [0x00000000df080000,0x00000000df8fafd0,0x00000000df900000)
  to   space 12800K, 0% used [0x00000000e7300000,0x00000000e7300000,0x00000000e7f80000)
 ParOldGen       total 41984K, used 13732K [0x0000000086600000, 0x0000000088f00000, 0x00000000d7780000)
  object space 41984K, 32% used [0x0000000086600000,0x0000000087369028,0x0000000088f00000)
 Metaspace       used 31012K, capacity 32166K, committed 32384K, reserved 1077248K
  class space    used 4106K, capacity 4361K, committed 4480K, reserved 1048576K
Event: 33.112 GC heap after
Heap after GC invocations=9 (full 1):
 PSYoungGen      total 254464K, used 12781K [0x00000000d7780000, 0x00000000e8480000, 0x0000000100000000)
  eden space 241664K, 0% used [0x00000000d7780000,0x00000000d7780000,0x00000000e6380000)
  from space 12800K, 99% used [0x00000000e7300000,0x00000000e7f7b4f0,0x00000000e7f80000)
  to   space 15872K, 0% used [0x00000000e6380000,0x00000000e6380000,0x00000000e7300000)
 ParOldGen       total 41984K, used 16786K [0x0000000086600000, 0x0000000088f00000, 0x00000000d7780000)
  object space 41984K, 39% used [0x0000000086600000,0x0000000087664a10,0x0000000088f00000)
 Metaspace       used 31012K, capacity 32166K, committed 32384K, reserved 1077248K
  class space    used 4106K, capacity 4361K, committed 4480K, reserved 1048576K
}
Event: 36.659 GC heap before
{Heap before GC invocations=10 (full 1):
 PSYoungGen      total 254464K, used 124127K [0x00000000d7780000, 0x00000000e8480000, 0x0000000100000000)
  eden space 241664K, 46% used [0x00000000d7780000,0x00000000de43c9f0,0x00000000e6380000)
  from space 12800K, 99% used [0x00000000e7300000,0x00000000e7f7b4f0,0x00000000e7f80000)
  to   space 15872K, 0% used [0x00000000e6380000,0x00000000e6380000,0x00000000e7300000)
 ParOldGen       total 41984K, used 16786K [0x0000000086600000, 0x0000000088f00000, 0x00000000d7780000)
  object space 41984K, 39% used [0x0000000086600000,0x0000000087664a10,0x0000000088f00000)
 Metaspace       used 33794K, capacity 35246K, committed 35416K, reserved 1079296K
  class space    used 4443K, capacity 4715K, committed 4736K, reserved 1048576K
Event: 36.675 GC heap after
Heap after GC invocations=10 (full 1):
 PSYoungGen      total 257536K, used 11555K [0x00000000d7780000, 0x00000000f0b80000, 0x0000000100000000)
  eden space 241664K, 0% used [0x00000000d7780000,0x00000000d7780000,0x00000000e6380000)
  from space 15872K, 72% used [0x00000000e6380000,0x00000000e6ec8fe8,0x00000000e7300000)
  to   space 16384K, 0% used [0x00000000efb80000,0x00000000efb80000,0x00000000f0b80000)
 ParOldGen       total 41984K, used 21450K [0x0000000086600000, 0x0000000088f00000, 0x00000000d7780000)
  object space 41984K, 51% used [0x0000000086600000,0x0000000087af2908,0x0000000088f00000)
 Metaspace       used 33794K, capacity 35246K, committed 35416K, reserved 1079296K
  class space    used 4443K, capacity 4715K, committed 4736K, reserved 1048576K
}
Event: 36.675 GC heap before
{Heap before GC invocations=11 (full 2):
 PSYoungGen      total 257536K, used 11555K [0x00000000d7780000, 0x00000000f0b80000, 0x0000000100000000)
  eden space 241664K, 0% used [0x00000000d7780000,0x00000000d7780000,0x00000000e6380000)
  from space 15872K, 72% used [0x00000000e6380000,0x00000000e6ec8fe8,0x00000000e7300000)
  to   space 16384K, 0% used [0x00000000efb80000,0x00000000efb80000,0x00000000f0b80000)
 ParOldGen       total 41984K, used 21450K [0x0000000086600000, 0x0000000088f00000, 0x00000000d7780000)
  object space 41984K, 51% used [0x0000000086600000,0x0000000087af2908,0x0000000088f00000)
 Metaspace       used 33794K, capacity 35246K, committed 35416K, reserved 1079296K
  class space    used 4443K, capacity 4715K, committed 4736K, reserved 1048576K
Event: 36.759 GC heap after
Heap after GC invocations=11 (full 2):
 PSYoungGen      total 257536K, used 0K [0x00000000d7780000, 0x00000000f0b80000, 0x0000000100000000)
  eden space 241664K, 0% used [0x00000000d7780000,0x00000000d7780000,0x00000000e6380000)
  from space 15872K, 0% used [0x00000000e6380000,0x00000000e6380000,0x00000000e7300000)
  to   space 16384K, 0% used [0x00000000efb80000,0x00000000efb80000,0x00000000f0b80000)
 ParOldGen       total 62464K, used 21754K [0x0000000086600000, 0x000000008a300000, 0x00000000d7780000)
  object space 62464K, 34% used [0x0000000086600000,0x0000000087b3ea20,0x000000008a300000)
 Metaspace       used 33794K, capacity 35246K, committed 35416K, reserved 1079296K
  class space    used 4443K, capacity 4715K, committed 4736K, reserved 1048576K
}
Event: 39.937 GC heap before
{Heap before GC invocations=12 (full 2):
 PSYoungGen      total 257536K, used 241664K [0x00000000d7780000, 0x00000000f0b80000, 0x0000000100000000)
  eden space 241664K, 100% used [0x00000000d7780000,0x00000000e6380000,0x00000000e6380000)
  from space 15872K, 0% used [0x00000000e6380000,0x00000000e6380000,0x00000000e7300000)
  to   space 16384K, 0% used [0x00000000efb80000,0x00000000efb80000,0x00000000f0b80000)
 ParOldGen       total 62464K, used 21754K [0x0000000086600000, 0x000000008a300000, 0x00000000d7780000)
  object space 62464K, 34% used [0x0000000086600000,0x0000000087b3ea20,0x000000008a300000)
 Metaspace       used 42402K, capacity 44718K, committed 44760K, reserved 1087488K
  class space    used 5664K, capacity 6123K, committed 6144K, reserved 1048576K
Event: 39.956 GC heap after
Heap after GC invocations=12 (full 2):
 PSYoungGen      total 390144K, used 13885K [0x00000000d7780000, 0x00000000f0980000, 0x0000000100000000)
  eden space 375808K, 0% used [0x00000000d7780000,0x00000000d7780000,0x00000000ee680000)
  from space 14336K, 96% used [0x00000000efb80000,0x00000000f090f4a8,0x00000000f0980000)
  to   space 17408K, 0% used [0x00000000ee780000,0x00000000ee780000,0x00000000ef880000)
 ParOldGen       total 62464K, used 21762K [0x0000000086600000, 0x000000008a300000, 0x00000000d7780000)
  object space 62464K, 34% used [0x0000000086600000,0x0000000087b40a20,0x000000008a300000)
 Metaspace       used 42402K, capacity 44718K, committed 44760K, reserved 1087488K
  class space    used 5664K, capacity 6123K, committed 6144K, reserved 1048576K
}
Event: 46.012 GC heap before
{Heap before GC invocations=13 (full 2):
 PSYoungGen      total 390144K, used 389693K [0x00000000d7780000, 0x00000000f0980000, 0x0000000100000000)
  eden space 375808K, 100% used [0x00000000d7780000,0x00000000ee680000,0x00000000ee680000)
  from space 14336K, 96% used [0x00000000efb80000,0x00000000f090f4a8,0x00000000f0980000)
  to   space 17408K, 0% used [0x00000000ee780000,0x00000000ee780000,0x00000000ef880000)
 ParOldGen       total 62464K, used 21762K [0x0000000086600000, 0x000000008a300000, 0x00000000d7780000)
  object space 62464K, 34% used [0x0000000086600000,0x0000000087b40a20,0x000000008a300000)
 Metaspace       used 47883K, capacity 50622K, committed 50776K, reserved 1093632K
  class space    used 6483K, capacity 7019K, committed 7040K, reserved 1048576K

